<?xml version="1.0" encoding="UTF-8"?>
<testsuite xmlns:xsi="http://www.w3.org/2001/XMLSchema-instance" xsi:noNamespaceSchemaLocation="https://maven.apache.org/surefire/maven-surefire-plugin/xsd/surefire-test-report.xsd" version="3.0.1" name="io.github.koobie2.AppTest" time="0.011" tests="0" errors="0" skipped="0" failures="0">
  <properties>
    <property name="java.specification.version" value="17"/>
    <property name="sun.cpu.isalist" value="amd64"/>
    <property name="sun.jnu.encoding" value="Cp1252"/>
    <property name="java.class.path" value="C:\Users\kaise\Music\craftmods\paper\mlchs-util\target\test-classes;C:\Users\kaise\Music\craftmods\paper\mlchs-util\target\classes;C:\Users\kaise\.m2\repository\io\papermc\paper\paper-api\1.21.4-R0.1-SNAPSHOT\paper-api-1.21.4-R0.1-SNAPSHOT.jar;C:\Users\kaise\.m2\repository\com\google\guava\guava\33.3.1-jre\guava-33.3.1-jre.jar;C:\Users\kaise\.m2\repository\com\google\guava\failureaccess\1.0.2\failureaccess-1.0.2.jar;C:\Users\kaise\.m2\repository\com\google\guava\listenablefuture\9999.0-empty-to-avoid-conflict-with-guava\listenablefuture-9999.0-empty-to-avoid-conflict-with-guava.jar;C:\Users\kaise\.m2\repository\com\google\code\findbugs\jsr305\3.0.2\jsr305-3.0.2.jar;C:\Users\kaise\.m2\repository\com\google\errorprone\error_prone_annotations\2.28.0\error_prone_annotations-2.28.0.jar;C:\Users\kaise\.m2\repository\com\google\j2objc\j2objc-annotations\3.0.0\j2objc-annotations-3.0.0.jar;C:\Users\kaise\.m2\repository\com\google\code\gson\gson\2.11.0\gson-2.11.0.jar;C:\Users\kaise\.m2\repository\org\yaml\snakeyaml\2.2\snakeyaml-2.2.jar;C:\Users\kaise\.m2\repository\org\joml\joml\1.10.8\joml-1.10.8.jar;C:\Users\kaise\.m2\repository\com\googlecode\json-simple\json-simple\1.1.1\json-simple-1.1.1.jar;C:\Users\kaise\.m2\repository\it\unimi\dsi\fastutil\8.5.15\fastutil-8.5.15.jar;C:\Users\kaise\.m2\repository\org\apache\logging\log4j\log4j-api\2.17.1\log4j-api-2.17.1.jar;C:\Users\kaise\.m2\repository\org\slf4j\slf4j-api\2.0.9\slf4j-api-2.0.9.jar;C:\Users\kaise\.m2\repository\com\mojang\brigadier\1.3.10\brigadier-1.3.10.jar;C:\Users\kaise\.m2\repository\net\md-5\bungeecord-chat\1.20-R0.2-deprecated+build.19\bungeecord-chat-1.20-R0.2-deprecated+build.19.jar;C:\Users\kaise\.m2\repository\org\apache\maven\maven-resolver-provider\3.9.6\maven-resolver-provider-3.9.6.jar;C:\Users\kaise\.m2\repository\org\apache\maven\maven-model\3.9.6\maven-model-3.9.6.jar;C:\Users\kaise\.m2\repository\org\apache\maven\maven-model-builder\3.9.6\maven-model-builder-3.9.6.jar;C:\Users\kaise\.m2\repository\org\codehaus\plexus\plexus-interpolation\1.26\plexus-interpolation-1.26.jar;C:\Users\kaise\.m2\repository\org\apache\maven\maven-artifact\3.9.6\maven-artifact-3.9.6.jar;C:\Users\kaise\.m2\repository\org\apache\commons\commons-lang3\3.12.0\commons-lang3-3.12.0.jar;C:\Users\kaise\.m2\repository\org\apache\maven\maven-builder-support\3.9.6\maven-builder-support-3.9.6.jar;C:\Users\kaise\.m2\repository\org\eclipse\sisu\org.eclipse.sisu.inject\0.9.0.M2\org.eclipse.sisu.inject-0.9.0.M2.jar;C:\Users\kaise\.m2\repository\org\apache\maven\maven-repository-metadata\3.9.6\maven-repository-metadata-3.9.6.jar;C:\Users\kaise\.m2\repository\org\apache\maven\resolver\maven-resolver-api\1.9.18\maven-resolver-api-1.9.18.jar;C:\Users\kaise\.m2\repository\org\apache\maven\resolver\maven-resolver-spi\1.9.18\maven-resolver-spi-1.9.18.jar;C:\Users\kaise\.m2\repository\org\apache\maven\resolver\maven-resolver-util\1.9.18\maven-resolver-util-1.9.18.jar;C:\Users\kaise\.m2\repository\org\apache\maven\resolver\maven-resolver-impl\1.9.18\maven-resolver-impl-1.9.18.jar;C:\Users\kaise\.m2\repository\org\apache\maven\resolver\maven-resolver-named-locks\1.9.18\maven-resolver-named-locks-1.9.18.jar;C:\Users\kaise\.m2\repository\org\codehaus\plexus\plexus-utils\3.5.1\plexus-utils-3.5.1.jar;C:\Users\kaise\.m2\repository\javax\inject\javax.inject\1\javax.inject-1.jar;C:\Users\kaise\.m2\repository\org\jspecify\jspecify\1.0.0\jspecify-1.0.0.jar;C:\Users\kaise\.m2\repository\net\kyori\adventure-api\4.18.0\adventure-api-4.18.0.jar;C:\Users\kaise\.m2\repository\net\kyori\adventure-key\4.18.0\adventure-key-4.18.0.jar;C:\Users\kaise\.m2\repository\net\kyori\examination-api\1.3.0\examination-api-1.3.0.jar;C:\Users\kaise\.m2\repository\net\kyori\examination-string\1.3.0\examination-string-1.3.0.jar;C:\Users\kaise\.m2\repository\org\jetbrains\annotations\26.0.1\annotations-26.0.1.jar;C:\Users\kaise\.m2\repository\net\kyori\adventure-text-minimessage\4.18.0\adventure-text-minimessage-4.18.0.jar;C:\Users\kaise\.m2\repository\net\kyori\adventure-text-serializer-gson\4.18.0\adventure-text-serializer-gson-4.18.0.jar;C:\Users\kaise\.m2\repository\net\kyori\adventure-text-serializer-json\4.18.0\adventure-text-serializer-json-4.18.0.jar;C:\Users\kaise\.m2\repository\net\kyori\option\1.0.0\option-1.0.0.jar;C:\Users\kaise\.m2\repository\com\google\auto\service\auto-service-annotations\1.1.1\auto-service-annotations-1.1.1.jar;C:\Users\kaise\.m2\repository\net\kyori\adventure-text-serializer-legacy\4.18.0\adventure-text-serializer-legacy-4.18.0.jar;C:\Users\kaise\.m2\repository\net\kyori\adventure-text-serializer-plain\4.18.0\adventure-text-serializer-plain-4.18.0.jar;C:\Users\kaise\.m2\repository\net\kyori\adventure-text-logger-slf4j\4.18.0\adventure-text-logger-slf4j-4.18.0.jar;C:\Users\kaise\.m2\repository\org\checkerframework\checker-qual\3.33.0\checker-qual-3.33.0.jar;"/>
    <property name="java.vm.vendor" value="Oracle Corporation"/>
    <property name="sun.arch.data.model" value="64"/>
    <property name="user.variant" value=""/>
    <property name="java.vendor.url" value="https://java.oracle.com/"/>
    <property name="user.timezone" value="America/New_York"/>
    <property name="os.name" value="Windows 10"/>
    <property name="java.vm.specification.version" value="17"/>
    <property name="sun.java.launcher" value="SUN_STANDARD"/>
    <property name="user.country" value="US"/>
    <property name="sun.boot.library.path" value="C:\Program Files\Java\jdk-17\bin"/>
    <property name="sun.java.command" value="C:\Users\kaise\AppData\Local\Temp\surefire10170686863871234308\surefirebooter-20250105160914572_3.jar C:\Users\kaise\AppData\Local\Temp\surefire10170686863871234308 2025-01-05T16-09-14_300-jvmRun1 surefire-20250105160914572_1tmp surefire_0-20250105160914572_2tmp"/>
    <property name="jdk.debug" value="release"/>
    <property name="surefire.test.class.path" value="C:\Users\kaise\Music\craftmods\paper\mlchs-util\target\test-classes;C:\Users\kaise\Music\craftmods\paper\mlchs-util\target\classes;C:\Users\kaise\.m2\repository\io\papermc\paper\paper-api\1.21.4-R0.1-SNAPSHOT\paper-api-1.21.4-R0.1-SNAPSHOT.jar;C:\Users\kaise\.m2\repository\com\google\guava\guava\33.3.1-jre\guava-33.3.1-jre.jar;C:\Users\kaise\.m2\repository\com\google\guava\failureaccess\1.0.2\failureaccess-1.0.2.jar;C:\Users\kaise\.m2\repository\com\google\guava\listenablefuture\9999.0-empty-to-avoid-conflict-with-guava\listenablefuture-9999.0-empty-to-avoid-conflict-with-guava.jar;C:\Users\kaise\.m2\repository\com\google\code\findbugs\jsr305\3.0.2\jsr305-3.0.2.jar;C:\Users\kaise\.m2\repository\com\google\errorprone\error_prone_annotations\2.28.0\error_prone_annotations-2.28.0.jar;C:\Users\kaise\.m2\repository\com\google\j2objc\j2objc-annotations\3.0.0\j2objc-annotations-3.0.0.jar;C:\Users\kaise\.m2\repository\com\google\code\gson\gson\2.11.0\gson-2.11.0.jar;C:\Users\kaise\.m2\repository\org\yaml\snakeyaml\2.2\snakeyaml-2.2.jar;C:\Users\kaise\.m2\repository\org\joml\joml\1.10.8\joml-1.10.8.jar;C:\Users\kaise\.m2\repository\com\googlecode\json-simple\json-simple\1.1.1\json-simple-1.1.1.jar;C:\Users\kaise\.m2\repository\it\unimi\dsi\fastutil\8.5.15\fastutil-8.5.15.jar;C:\Users\kaise\.m2\repository\org\apache\logging\log4j\log4j-api\2.17.1\log4j-api-2.17.1.jar;C:\Users\kaise\.m2\repository\org\slf4j\slf4j-api\2.0.9\slf4j-api-2.0.9.jar;C:\Users\kaise\.m2\repository\com\mojang\brigadier\1.3.10\brigadier-1.3.10.jar;C:\Users\kaise\.m2\repository\net\md-5\bungeecord-chat\1.20-R0.2-deprecated+build.19\bungeecord-chat-1.20-R0.2-deprecated+build.19.jar;C:\Users\kaise\.m2\repository\org\apache\maven\maven-resolver-provider\3.9.6\maven-resolver-provider-3.9.6.jar;C:\Users\kaise\.m2\repository\org\apache\maven\maven-model\3.9.6\maven-model-3.9.6.jar;C:\Users\kaise\.m2\repository\org\apache\maven\maven-model-builder\3.9.6\maven-model-builder-3.9.6.jar;C:\Users\kaise\.m2\repository\org\codehaus\plexus\plexus-interpolation\1.26\plexus-interpolation-1.26.jar;C:\Users\kaise\.m2\repository\org\apache\maven\maven-artifact\3.9.6\maven-artifact-3.9.6.jar;C:\Users\kaise\.m2\repository\org\apache\commons\commons-lang3\3.12.0\commons-lang3-3.12.0.jar;C:\Users\kaise\.m2\repository\org\apache\maven\maven-builder-support\3.9.6\maven-builder-support-3.9.6.jar;C:\Users\kaise\.m2\repository\org\eclipse\sisu\org.eclipse.sisu.inject\0.9.0.M2\org.eclipse.sisu.inject-0.9.0.M2.jar;C:\Users\kaise\.m2\repository\org\apache\maven\maven-repository-metadata\3.9.6\maven-repository-metadata-3.9.6.jar;C:\Users\kaise\.m2\repository\org\apache\maven\resolver\maven-resolver-api\1.9.18\maven-resolver-api-1.9.18.jar;C:\Users\kaise\.m2\repository\org\apache\maven\resolver\maven-resolver-spi\1.9.18\maven-resolver-spi-1.9.18.jar;C:\Users\kaise\.m2\repository\org\apache\maven\resolver\maven-resolver-util\1.9.18\maven-resolver-util-1.9.18.jar;C:\Users\kaise\.m2\repository\org\apache\maven\resolver\maven-resolver-impl\1.9.18\maven-resolver-impl-1.9.18.jar;C:\Users\kaise\.m2\repository\org\apache\maven\resolver\maven-resolver-named-locks\1.9.18\maven-resolver-named-locks-1.9.18.jar;C:\Users\kaise\.m2\repository\org\codehaus\plexus\plexus-utils\3.5.1\plexus-utils-3.5.1.jar;C:\Users\kaise\.m2\repository\javax\inject\javax.inject\1\javax.inject-1.jar;C:\Users\kaise\.m2\repository\org\jspecify\jspecify\1.0.0\jspecify-1.0.0.jar;C:\Users\kaise\.m2\repository\net\kyori\adventure-api\4.18.0\adventure-api-4.18.0.jar;C:\Users\kaise\.m2\repository\net\kyori\adventure-key\4.18.0\adventure-key-4.18.0.jar;C:\Users\kaise\.m2\repository\net\kyori\examination-api\1.3.0\examination-api-1.3.0.jar;C:\Users\kaise\.m2\repository\net\kyori\examination-string\1.3.0\examination-string-1.3.0.jar;C:\Users\kaise\.m2\repository\org\jetbrains\annotations\26.0.1\annotations-26.0.1.jar;C:\Users\kaise\.m2\repository\net\kyori\adventure-text-minimessage\4.18.0\adventure-text-minimessage-4.18.0.jar;C:\Users\kaise\.m2\repository\net\kyori\adventure-text-serializer-gson\4.18.0\adventure-text-serializer-gson-4.18.0.jar;C:\Users\kaise\.m2\repository\net\kyori\adventure-text-serializer-json\4.18.0\adventure-text-serializer-json-4.18.0.jar;C:\Users\kaise\.m2\repository\net\kyori\option\1.0.0\option-1.0.0.jar;C:\Users\kaise\.m2\repository\com\google\auto\service\auto-service-annotations\1.1.1\auto-service-annotations-1.1.1.jar;C:\Users\kaise\.m2\repository\net\kyori\adventure-text-serializer-legacy\4.18.0\adventure-text-serializer-legacy-4.18.0.jar;C:\Users\kaise\.m2\repository\net\kyori\adventure-text-serializer-plain\4.18.0\adventure-text-serializer-plain-4.18.0.jar;C:\Users\kaise\.m2\repository\net\kyori\adventure-text-logger-slf4j\4.18.0\adventure-text-logger-slf4j-4.18.0.jar;C:\Users\kaise\.m2\repository\org\checkerframework\checker-qual\3.33.0\checker-qual-3.33.0.jar;"/>
    <property name="sun.cpu.endian" value="little"/>
    <property name="user.home" value="C:\Users\kaise"/>
    <property name="user.language" value="en"/>
    <property name="java.specification.vendor" value="Oracle Corporation"/>
    <property name="java.version.date" value="2023-04-18"/>
    <property name="java.home" value="C:\Program Files\Java\jdk-17"/>
    <property name="file.separator" value="\"/>
    <property name="style.color" value="always"/>
    <property name="basedir" value="C:\Users\kaise\Music\craftmods\paper\mlchs-util"/>
    <property name="java.vm.compressedOopsMode" value="Zero based"/>
    <property name="line.separator" value="&#10;"/>
    <property name="java.vm.specification.vendor" value="Oracle Corporation"/>
    <property name="java.specification.name" value="Java Platform API Specification"/>
    <property name="surefire.real.class.path" value="C:\Users\kaise\AppData\Local\Temp\surefire10170686863871234308\surefirebooter-20250105160914572_3.jar"/>
    <property name="user.script" value=""/>
    <property name="sun.management.compiler" value="HotSpot 64-Bit Tiered Compilers"/>
    <property name="java.runtime.version" value="17.0.7+8-LTS-224"/>
    <property name="user.name" value="kaise"/>
    <property name="path.separator" value=";"/>
    <property name="os.version" value="10.0"/>
    <property name="java.runtime.name" value="Java(TM) SE Runtime Environment"/>
    <property name="file.encoding" value="Cp1252"/>
    <property name="java.vm.name" value="Java HotSpot(TM) 64-Bit Server VM"/>
    <property name="localRepository" value="C:\Users\kaise\.m2\repository"/>
    <property name="java.vendor.url.bug" value="https://bugreport.java.com/bugreport/"/>
    <property name="java.io.tmpdir" value="C:\Users\kaise\AppData\Local\Temp\"/>
    <property name="java.version" value="17.0.7"/>
    <property name="user.dir" value="C:\Users\kaise\Music\craftmods\paper\mlchs-util"/>
    <property name="os.arch" value="amd64"/>
    <property name="java.vm.specification.name" value="Java Virtual Machine Specification"/>
    <property name="sun.os.patch.level" value=""/>
    <property name="native.encoding" value="Cp1252"/>
    <property name="java.library.path" value="C:\Program Files\Java\jdk-17\bin;C:\WINDOWS\Sun\Java\bin;C:\WINDOWS\system32;C:\WINDOWS;C:/Program Files/Java/jdk-17/bin/server;C:/Program Files/Java/jdk-17/bin;C:\WINDOWS\system32;C:\WINDOWS;C:\WINDOWS\System32\Wbem;C:\WINDOWS\System32\WindowsPowerShell\v1.0\;C:\WINDOWS\System32\OpenSSH\;C:\Program Files\dotnet\;C:\Program Files\Git\cmd;C:\Program Files\CMake\bin;C:\Program Files (x86)\NVIDIA Corporation\PhysX\Common;C:\Program Files\nodejs\;C:\Program Files (x86)\ZeroTier\One\;C:\Users\kaise\scoop\shims;C:\Users\kaise\.cargo\bin;C:\Users\kaise\AppData\Local\Programs\Python\Python38\Scripts\;C:\Users\kaise\AppData\Local\Programs\Python\Python38\;C:\Users\kaise\AppData\Local\Microsoft\WindowsApps;C:\Users\kaise\.dotnet\tools;C:\MinGW\bin;C:\Users\kaise\AppData\Local\Microsoft\WinGet\Packages\Gyan.FFmpeg_Microsoft.Winget.Source_8wekyb3d8bbwe\ffmpeg-6.0-full_build\bin;C:\Users\kaise\AppData\Local\Programs\Lua\bin;C:\Program Files\Neovim\bin;C:\Users\kaise\AppData\Roaming\npm;C:\Program Files\apache-maven-3.9.9\bin;C:\Program Files\Eclipse Adoptium\jdk-17.0.8.7-hotspot\bin;;C:\WINDOWS\System32;;."/>
    <property name="java.vm.info" value="mixed mode, sharing"/>
    <property name="java.vendor" value="Oracle Corporation"/>
    <property name="java.vm.version" value="17.0.7+8-LTS-224"/>
    <property name="sun.io.unicode.encoding" value="UnicodeLittle"/>
    <property name="java.class.version" value="61.0"/>
  </properties>
</testsuite>